<?xml version="1.0" encoding="UTF-8"?>
<testsuite xmlns:xsi="http://www.w3.org/2001/XMLSchema-instance" xsi:noNamespaceSchemaLocation="https://maven.apache.org/surefire/maven-surefire-plugin/xsd/surefire-test-report.xsd" version="3.0.1" name="org.univ_paris8.iut.montreuil.qdev.tp2025.gr11.jeuQuizz.AppTest" time="0.171" tests="4" errors="0" skipped="0" failures="0">
  <properties>
[...]
</properties>
  <testcase name="testQuestionServiceLienInvalide" classname="org.univ_paris8.iut.montreuil.qdev.tp2025.gr11.jeuQuizz.AppTest" time="0.065"/>
  <testcase name="testQuestionServiceCoromp" classname="org.univ_paris8.iut.montreuil.qdev.tp2025.gr11.jeuQuizz.AppTest" time="0.005"/>
  <testcase name="testQuestionnaireServiceValide" classname="org.univ_paris8.iut.montreuil.qdev.tp2025.gr11.jeuQuizz.AppTest" time="0.012"/>
  <testcase name="testQuestionnaireServiceVide" classname="org.univ_paris8.iut.montreuil.qdev.tp2025.gr11.jeuQuizz.AppTest" time="0.006"/>
</testsuite>